  [1m[35m (0.1ms)[0m  [1m[34mSELECT sqlite_version(*)[0m
  ↳ bin/rails:9
  [1m[35m (52.5ms)[0m  [1m[35mCREATE TABLE "schema_migrations" ("version" varchar NOT NULL PRIMARY KEY)[0m
  ↳ bin/rails:9
  [1m[35m (43.1ms)[0m  [1m[35mCREATE TABLE "ar_internal_metadata" ("key" varchar NOT NULL PRIMARY KEY, "value" varchar, "created_at" datetime NOT NULL, "updated_at" datetime NOT NULL)[0m
  ↳ bin/rails:9
  [1m[35m (0.4ms)[0m  [1m[34mSELECT "schema_migrations"."version" FROM "schema_migrations" ORDER BY "schema_migrations"."version" ASC[0m
  ↳ bin/rails:9
Migrating to DeviseCreateUsers (20180507070226)
  [1m[35m (0.1ms)[0m  [1m[36mbegin transaction[0m
  ↳ bin/rails:9
  [1m[35m (0.6ms)[0m  [1m[35mCREATE TABLE "users" ("id" integer PRIMARY KEY AUTOINCREMENT NOT NULL, "username" varchar DEFAULT '' NOT NULL, "email" varchar DEFAULT '' NOT NULL, "encrypted_password" varchar DEFAULT '' NOT NULL, "reset_password_token" varchar, "reset_password_sent_at" datetime, "remember_created_at" datetime, "sign_in_count" integer DEFAULT 0 NOT NULL, "current_sign_in_at" datetime, "last_sign_in_at" datetime, "current_sign_in_ip" varchar, "last_sign_in_ip" varchar, "created_at" datetime NOT NULL, "updated_at" datetime NOT NULL)[0m
  ↳ db/migrate/20180507070226_devise_create_users.rb:5
  [1m[35m (0.3ms)[0m  [1m[35mCREATE UNIQUE INDEX "index_users_on_email" ON "users" ("email")[0m
  ↳ db/migrate/20180507070226_devise_create_users.rb:40
  [1m[35m (0.2ms)[0m  [1m[35mCREATE UNIQUE INDEX "index_users_on_reset_password_token" ON "users" ("reset_password_token")[0m
  ↳ db/migrate/20180507070226_devise_create_users.rb:41
  [1m[36mActiveRecord::SchemaMigration Create (0.2ms)[0m  [1m[32mINSERT INTO "schema_migrations" ("version") VALUES (?)[0m  [["version", "20180507070226"]]
  ↳ bin/rails:9
  [1m[35m (46.0ms)[0m  [1m[36mcommit transaction[0m
  ↳ bin/rails:9
  [1m[36mActiveRecord::InternalMetadata Load (0.6ms)[0m  [1m[34mSELECT  "ar_internal_metadata".* FROM "ar_internal_metadata" WHERE "ar_internal_metadata"."key" = ? LIMIT ?[0m  [["key", "environment"], ["LIMIT", 1]]
  ↳ bin/rails:9
  [1m[35m (0.2ms)[0m  [1m[36mbegin transaction[0m
  ↳ bin/rails:9
  [1m[36mActiveRecord::InternalMetadata Create (0.4ms)[0m  [1m[32mINSERT INTO "ar_internal_metadata" ("key", "value", "created_at", "updated_at") VALUES (?, ?, ?, ?)[0m  [["key", "environment"], ["value", "development"], ["created_at", "2018-05-07 07:04:40.750048"], ["updated_at", "2018-05-07 07:04:40.750048"]]
  ↳ bin/rails:9
  [1m[35m (32.1ms)[0m  [1m[36mcommit transaction[0m
  ↳ bin/rails:9
  [1m[35m (0.3ms)[0m  [1m[34mSELECT "schema_migrations"."version" FROM "schema_migrations" ORDER BY "schema_migrations"."version" ASC[0m
  ↳ bin/rails:9
  [1m[35m (0.1ms)[0m  [1m[34mSELECT "schema_migrations"."version" FROM "schema_migrations" ORDER BY "schema_migrations"."version" ASC[0m
  ↳ bin/rails:9
Migrating to CreateEvents (20180507072158)
  [1m[35m (0.0ms)[0m  [1m[36mbegin transaction[0m
  ↳ bin/rails:9
  [1m[35m (0.1ms)[0m  [1m[34mSELECT sqlite_version(*)[0m
  ↳ db/migrate/20180507072158_create_events.rb:3
  [1m[35m (0.3ms)[0m  [1m[35mCREATE TABLE "events" ("id" integer PRIMARY KEY AUTOINCREMENT NOT NULL, "name" varchar NOT NULL, "place" varchar NOT NULL, "description" varchar NOT NULL, "date" datetime, "creator_id_id" integer, "created_at" datetime NOT NULL, "updated_at" datetime NOT NULL)[0m
  ↳ db/migrate/20180507072158_create_events.rb:3
  [1m[35m (0.1ms)[0m  [1m[35mCREATE  INDEX "index_events_on_creator_id_id" ON "events" ("creator_id_id")[0m
  ↳ db/migrate/20180507072158_create_events.rb:3
  [1m[36mActiveRecord::SchemaMigration Create (0.1ms)[0m  [1m[32mINSERT INTO "schema_migrations" ("version") VALUES (?)[0m  [["version", "20180507072158"]]
  ↳ bin/rails:9
  [1m[35m (37.8ms)[0m  [1m[36mcommit transaction[0m
  ↳ bin/rails:9
Migrating to CreateEventAttendees (20180507072649)
  [1m[35m (0.2ms)[0m  [1m[36mbegin transaction[0m
  ↳ bin/rails:9
  [1m[35m (1.1ms)[0m  [1m[35mCREATE TABLE "event_attendees" ("id" integer PRIMARY KEY AUTOINCREMENT NOT NULL, "attendee_id" integer, "event_id" integer, "created_at" datetime NOT NULL, "updated_at" datetime NOT NULL)[0m
  ↳ db/migrate/20180507072649_create_event_attendees.rb:3
  [1m[35m (0.6ms)[0m  [1m[35mCREATE  INDEX "index_event_attendees_on_attendee_id" ON "event_attendees" ("attendee_id")[0m
  ↳ db/migrate/20180507072649_create_event_attendees.rb:3
  [1m[35m (0.4ms)[0m  [1m[35mCREATE  INDEX "index_event_attendees_on_event_id" ON "event_attendees" ("event_id")[0m
  ↳ db/migrate/20180507072649_create_event_attendees.rb:3
  [1m[36mActiveRecord::SchemaMigration Create (0.4ms)[0m  [1m[32mINSERT INTO "schema_migrations" ("version") VALUES (?)[0m  [["version", "20180507072649"]]
  ↳ bin/rails:9
  [1m[35m (89.7ms)[0m  [1m[36mcommit transaction[0m
  ↳ bin/rails:9
  [1m[36mActiveRecord::InternalMetadata Load (0.5ms)[0m  [1m[34mSELECT  "ar_internal_metadata".* FROM "ar_internal_metadata" WHERE "ar_internal_metadata"."key" = ? LIMIT ?[0m  [["key", "environment"], ["LIMIT", 1]]
  ↳ bin/rails:9
  [1m[35m (0.1ms)[0m  [1m[36mbegin transaction[0m
  ↳ bin/rails:9
  [1m[35m (0.1ms)[0m  [1m[36mcommit transaction[0m
  ↳ bin/rails:9
  [1m[35m (0.3ms)[0m  [1m[34mSELECT "schema_migrations"."version" FROM "schema_migrations" ORDER BY "schema_migrations"."version" ASC[0m
  ↳ bin/rails:9
  [1m[35m (0.1ms)[0m  [1m[34mSELECT "schema_migrations"."version" FROM "schema_migrations" ORDER BY "schema_migrations"."version" ASC[0m
  ↳ bin/rails:9
Migrating to ModifyEventTableCreatorId (20180507073536)
  [1m[35m (0.0ms)[0m  [1m[36mbegin transaction[0m
  ↳ bin/rails:9
  [1m[35m (0.0ms)[0m  [1m[34mSELECT sqlite_version(*)[0m
  ↳ db/migrate/20180507073536_modify_event_table_creator_id.rb:3
  [1m[35m (0.2ms)[0m  [1m[35mCREATE TEMPORARY TABLE "aevents" ("id" integer NOT NULL PRIMARY KEY, "name" varchar NOT NULL, "place" varchar NOT NULL, "description" varchar NOT NULL, "date" datetime DEFAULT NULL, "creator_id_id" integer DEFAULT NULL, "created_at" datetime NOT NULL, "updated_at" datetime NOT NULL)[0m
  ↳ db/migrate/20180507073536_modify_event_table_creator_id.rb:3
  [1m[35m (0.1ms)[0m  [1m[35mCREATE  INDEX "tindex_aevents_on_creator_id_id" ON "aevents" ("creator_id_id")[0m
  ↳ db/migrate/20180507073536_modify_event_table_creator_id.rb:3
  [1m[35m (0.1ms)[0m  [1m[32mINSERT INTO "aevents" ("id","name","place","description","date","creator_id_id","created_at","updated_at")
                     SELECT "id","name","place","description","date","creator_id_id","created_at","updated_at" FROM "events"[0m
  ↳ db/migrate/20180507073536_modify_event_table_creator_id.rb:3
  [1m[35m (0.2ms)[0m  [1m[35mDROP TABLE "events"[0m
  ↳ db/migrate/20180507073536_modify_event_table_creator_id.rb:3
  [1m[35m (0.1ms)[0m  [1m[35mCREATE TABLE "events" ("id" integer NOT NULL PRIMARY KEY, "name" varchar NOT NULL, "place" varchar NOT NULL, "description" varchar NOT NULL, "date" datetime DEFAULT NULL, "created_at" datetime NOT NULL, "updated_at" datetime NOT NULL)[0m
  ↳ db/migrate/20180507073536_modify_event_table_creator_id.rb:3
  [1m[35m (0.1ms)[0m  [1m[32mINSERT INTO "events" ("id","name","place","description","date","created_at","updated_at")
                     SELECT "id","name","place","description","date","created_at","updated_at" FROM "aevents"[0m
  ↳ db/migrate/20180507073536_modify_event_table_creator_id.rb:3
  [1m[35m (0.1ms)[0m  [1m[35mDROP TABLE "aevents"[0m
  ↳ db/migrate/20180507073536_modify_event_table_creator_id.rb:3
  [1m[35m (0.1ms)[0m  [1m[35mALTER TABLE "events" ADD "creator_id" integer[0m
  ↳ db/migrate/20180507073536_modify_event_table_creator_id.rb:5
  [1m[35m (0.1ms)[0m  [1m[35mCREATE  INDEX "index_events_on_creator_id" ON "events" ("creator_id")[0m
  ↳ db/migrate/20180507073536_modify_event_table_creator_id.rb:5
  [1m[36mActiveRecord::SchemaMigration Create (0.1ms)[0m  [1m[32mINSERT INTO "schema_migrations" ("version") VALUES (?)[0m  [["version", "20180507073536"]]
  ↳ bin/rails:9
  [1m[35m (35.4ms)[0m  [1m[36mcommit transaction[0m
  ↳ bin/rails:9
  [1m[36mActiveRecord::InternalMetadata Load (0.2ms)[0m  [1m[34mSELECT  "ar_internal_metadata".* FROM "ar_internal_metadata" WHERE "ar_internal_metadata"."key" = ? LIMIT ?[0m  [["key", "environment"], ["LIMIT", 1]]
  ↳ bin/rails:9
  [1m[35m (0.1ms)[0m  [1m[36mbegin transaction[0m
  ↳ bin/rails:9
  [1m[35m (0.0ms)[0m  [1m[36mcommit transaction[0m
  ↳ bin/rails:9
  [1m[35m (0.1ms)[0m  [1m[34mSELECT "schema_migrations"."version" FROM "schema_migrations" ORDER BY "schema_migrations"."version" ASC[0m
  ↳ bin/rails:9
  [1m[35m (0.1ms)[0m  [1m[36mbegin transaction[0m
  [1m[36mUser Exists (0.1ms)[0m  [1m[34mSELECT  1 AS one FROM "users" WHERE "users"."email" = ? LIMIT ?[0m  [["email", "jack@jack.com"], ["LIMIT", 1]]
  [1m[36mUser Create (0.2ms)[0m  [1m[32mINSERT INTO "users" ("username", "email", "encrypted_password", "created_at", "updated_at") VALUES (?, ?, ?, ?, ?)[0m  [["username", "jack"], ["email", "jack@jack.com"], ["encrypted_password", "$2a$11$RgeiVmmmBVcVTkBuRpq66eiJ5o9J0NeTTLYMSDsihazgLNmN8JLum"], ["created_at", "2018-05-07 07:39:23.449597"], ["updated_at", "2018-05-07 07:39:23.449597"]]
  [1m[35m (30.6ms)[0m  [1m[36mcommit transaction[0m
  [1m[35m (0.1ms)[0m  [1m[36mbegin transaction[0m
  [1m[36mUser Load (0.2ms)[0m  [1m[34mSELECT  "users".* FROM "users" WHERE "users"."id" = ? LIMIT ?[0m  [["id", 1], ["LIMIT", 1]]
  [1m[36mEvent Create (0.2ms)[0m  [1m[32mINSERT INTO "events" ("name", "place", "description", "created_at", "updated_at", "creator_id") VALUES (?, ?, ?, ?, ?, ?)[0m  [["name", "jack party"], ["place", "jack place"], ["description", "yolo party"], ["created_at", "2018-05-07 07:40:34.202211"], ["updated_at", "2018-05-07 07:40:34.202211"], ["creator_id", 1]]
  [1m[35m (27.9ms)[0m  [1m[36mcommit transaction[0m
  [1m[36mEvent Load (0.2ms)[0m  [1m[34mSELECT "events".* FROM "events" WHERE "events"."creator_id" = ?[0m  [["creator_id", 1]]
  [1m[36mUser Load (0.3ms)[0m  [1m[34mSELECT "users".* FROM "users" INNER JOIN "event_attendees" ON "users"."id" = "event_attendees"."attendee_id" WHERE "event_attendees"."event_id" = ?[0m  [["event_id", 1]]
  [1m[35m (0.1ms)[0m  [1m[36mbegin transaction[0m
  [1m[36mUser Exists (0.1ms)[0m  [1m[34mSELECT  1 AS one FROM "users" WHERE "users"."email" = ? LIMIT ?[0m  [["email", "peter@peter.com"], ["LIMIT", 1]]
  [1m[36mUser Create (0.2ms)[0m  [1m[32mINSERT INTO "users" ("username", "email", "encrypted_password", "created_at", "updated_at") VALUES (?, ?, ?, ?, ?)[0m  [["username", "peter"], ["email", "peter@peter.com"], ["encrypted_password", "$2a$11$E6UJKofkBZmPNw6THchghODQI8OtQhEGg/yzLY5NjAr4XO7TM.frO"], ["created_at", "2018-05-07 07:41:29.391933"], ["updated_at", "2018-05-07 07:41:29.391933"]]
  [1m[35m (32.0ms)[0m  [1m[36mcommit transaction[0m
  [1m[35m (0.2ms)[0m  [1m[36mbegin transaction[0m
  [1m[36mEventAttendee Create (0.3ms)[0m  [1m[32mINSERT INTO "event_attendees" ("attendee_id", "event_id", "created_at", "updated_at") VALUES (?, ?, ?, ?)[0m  [["attendee_id", 2], ["event_id", 1], ["created_at", "2018-05-07 07:41:36.654387"], ["updated_at", "2018-05-07 07:41:36.654387"]]
  [1m[35m (46.3ms)[0m  [1m[36mcommit transaction[0m
  [1m[36mEventAttendee Load (5.3ms)[0m  [1m[34mSELECT "event_attendees".* FROM "event_attendees" WHERE "event_attendees"."attendee_event" = ?[0m  [["attendee_event", 1]]
  [1m[36mEventAttendee Load (4.2ms)[0m  [1m[34mSELECT  "event_attendees".* FROM "event_attendees" WHERE "event_attendees"."attendee_event" = ? LIMIT ?[0m  [["attendee_event", 1], ["LIMIT", 11]]
  [1m[36mEventAttendee Load (3.2ms)[0m  [1m[34mSELECT "event_attendees".* FROM "event_attendees" WHERE "event_attendees"."attendee_event" = ?[0m  [["attendee_event", 1]]
  [1m[36mEventAttendee Load (3.8ms)[0m  [1m[34mSELECT  "event_attendees".* FROM "event_attendees" WHERE "event_attendees"."attendee_event" = ? LIMIT ?[0m  [["attendee_event", 1], ["LIMIT", 11]]
  [1m[36mEventAttendee Load (0.5ms)[0m  [1m[34mSELECT  "event_attendees".* FROM "event_attendees" WHERE "event_attendees"."event_id" = ? LIMIT ?[0m  [["event_id", 1], ["LIMIT", 11]]
  [1m[36mEventAttendee Load (0.5ms)[0m  [1m[34mSELECT "event_attendees".* FROM "event_attendees" WHERE "event_attendees"."event_id" = ?[0m  [["event_id", 1]]
  [1m[36mEvent Load (3.1ms)[0m  [1m[34mSELECT "events".* FROM "events" INNER JOIN "event_attendees" ON "events"."id" = "event_attendees"."event_id" WHERE "event_attendees"."attendee_event" = ?[0m  [["attendee_event", 1]]
  [1m[36mEvent Load (2.6ms)[0m  [1m[34mSELECT  "events".* FROM "events" INNER JOIN "event_attendees" ON "events"."id" = "event_attendees"."event_id" WHERE "event_attendees"."attendee_event" = ? LIMIT ?[0m  [["attendee_event", 1], ["LIMIT", 11]]
  [1m[36mEventAttendee Load (3.9ms)[0m  [1m[34mSELECT "event_attendees".* FROM "event_attendees" WHERE "event_attendees"."attendee_event" = ?[0m  [["attendee_event", 1]]
  [1m[36mEventAttendee Load (2.5ms)[0m  [1m[34mSELECT  "event_attendees".* FROM "event_attendees" WHERE "event_attendees"."attendee_event" = ? LIMIT ?[0m  [["attendee_event", 1], ["LIMIT", 11]]
  [1m[36mEvent Load (3.3ms)[0m  [1m[34mSELECT "events".* FROM "events" INNER JOIN "event_attendees" ON "events"."id" = "event_attendees"."event_id" WHERE "event_attendees"."attendee_event" = ?[0m  [["attendee_event", 2]]
  [1m[36mEvent Load (3.6ms)[0m  [1m[34mSELECT  "events".* FROM "events" INNER JOIN "event_attendees" ON "events"."id" = "event_attendees"."event_id" WHERE "event_attendees"."attendee_event" = ? LIMIT ?[0m  [["attendee_event", 2], ["LIMIT", 11]]
  [1m[36mEvent Load (1.2ms)[0m  [1m[34mSELECT  "events".* FROM "events" INNER JOIN "event_attendees" ON "events"."id" = "event_attendees"."event_id" WHERE "event_attendees"."attendee_event" = ? LIMIT ?[0m  [["attendee_event", 2], ["LIMIT", 11]]
  [1m[36mEvent Load (1.0ms)[0m  [1m[34mSELECT "events".* FROM "events" INNER JOIN "event_attendees" ON "events"."id" = "event_attendees"."event_id" WHERE "event_attendees"."attendee_event" = ?[0m  [["attendee_event", 2]]
  [1m[36mEvent Load (2.7ms)[0m  [1m[34mSELECT "events".* FROM "events" INNER JOIN "event_attendees" ON "events"."id" = "event_attendees"."event_id" WHERE "event_attendees"."attendee_event" = ?[0m  [["attendee_event", 2]]
  [1m[36mEventAttendee Load (2.9ms)[0m  [1m[34mSELECT "event_attendees".* FROM "event_attendees" WHERE "event_attendees"."attendee_event" = ?[0m  [["attendee_event", 1]]
  [1m[36mEventAttendee Load (2.8ms)[0m  [1m[34mSELECT  "event_attendees".* FROM "event_attendees" WHERE "event_attendees"."attendee_event" = ? LIMIT ?[0m  [["attendee_event", 1], ["LIMIT", 11]]
  [1m[36mEventAttendee Load (3.2ms)[0m  [1m[34mSELECT "event_attendees".* FROM "event_attendees" WHERE "event_attendees"."attendee_event" = ?[0m  [["attendee_event", 1]]
  [1m[36mEventAttendee Load (3.1ms)[0m  [1m[34mSELECT  "event_attendees".* FROM "event_attendees" WHERE "event_attendees"."attendee_event" = ? LIMIT ?[0m  [["attendee_event", 1], ["LIMIT", 11]]
  [1m[36mEventAttendee Load (2.9ms)[0m  [1m[34mSELECT "event_attendees".* FROM "event_attendees" WHERE "event_attendees"."attendee_event" = ?[0m  [["attendee_event", 1]]
  [1m[36mEventAttendee Load (2.8ms)[0m  [1m[34mSELECT  "event_attendees".* FROM "event_attendees" WHERE "event_attendees"."attendee_event" = ? LIMIT ?[0m  [["attendee_event", 1], ["LIMIT", 11]]
  [1m[36mEventAttendee Load (3.3ms)[0m  [1m[34mSELECT "event_attendees".* FROM "event_attendees" WHERE "event_attendees"."attendee_event" = ?[0m  [["attendee_event", 1]]
  [1m[36mEventAttendee Load (2.8ms)[0m  [1m[34mSELECT  "event_attendees".* FROM "event_attendees" WHERE "event_attendees"."attendee_event" = ? LIMIT ?[0m  [["attendee_event", 1], ["LIMIT", 11]]
  [1m[36mEventAttendee Load (2.4ms)[0m  [1m[34mSELECT "event_attendees".* FROM "event_attendees" WHERE "event_attendees"."attendee_event" = ?[0m  [["attendee_event", 1]]
  [1m[36mEventAttendee Load (2.4ms)[0m  [1m[34mSELECT  "event_attendees".* FROM "event_attendees" WHERE "event_attendees"."attendee_event" = ? LIMIT ?[0m  [["attendee_event", 1], ["LIMIT", 11]]
  [1m[35m (0.1ms)[0m  [1m[36mbegin transaction[0m
  [1m[36mUser Exists (0.1ms)[0m  [1m[34mSELECT  1 AS one FROM "users" WHERE "users"."email" = ? LIMIT ?[0m  [["email", "flo@flo.com"], ["LIMIT", 1]]
  [1m[36mUser Create (0.2ms)[0m  [1m[32mINSERT INTO "users" ("username", "email", "encrypted_password", "created_at", "updated_at") VALUES (?, ?, ?, ?, ?)[0m  [["username", "flo"], ["email", "flo@flo.com"], ["encrypted_password", "$2a$11$FA2EXRYJyC2vlcHYBPvI9OLPzpaZA1c2vEg7Vw7hjEv/aZ9xcDyaO"], ["created_at", "2018-05-07 07:55:37.964892"], ["updated_at", "2018-05-07 07:55:37.964892"]]
  [1m[35m (28.6ms)[0m  [1m[36mcommit transaction[0m
  [1m[35m (0.2ms)[0m  [1m[36mbegin transaction[0m
  [1m[36mEventAttendee Create (0.7ms)[0m  [1m[32mINSERT INTO "event_attendees" ("attendee_id", "event_id", "created_at", "updated_at") VALUES (?, ?, ?, ?)[0m  [["attendee_id", 3], ["event_id", 1], ["created_at", "2018-05-07 07:55:48.695481"], ["updated_at", "2018-05-07 07:55:48.695481"]]
  [1m[35m (33.9ms)[0m  [1m[36mcommit transaction[0m
  [1m[36mEventAttendee Load (2.1ms)[0m  [1m[34mSELECT "event_attendees".* FROM "event_attendees" WHERE "event_attendees"."attendee_event" = ?[0m  [["attendee_event", 1]]
  [1m[36mEventAttendee Load (2.4ms)[0m  [1m[34mSELECT  "event_attendees".* FROM "event_attendees" WHERE "event_attendees"."attendee_event" = ? LIMIT ?[0m  [["attendee_event", 1], ["LIMIT", 11]]
  [1m[36mEventAttendee Load (2.4ms)[0m  [1m[34mSELECT "event_attendees".* FROM "event_attendees" WHERE "event_attendees"."attendee_event" = ?[0m  [["attendee_event", 1]]
  [1m[36mEventAttendee Load (1.9ms)[0m  [1m[34mSELECT  "event_attendees".* FROM "event_attendees" WHERE "event_attendees"."attendee_event" = ? LIMIT ?[0m  [["attendee_event", 1], ["LIMIT", 11]]
  [1m[36mEventAttendee Load (3.3ms)[0m  [1m[34mSELECT  "event_attendees".* FROM "event_attendees" WHERE "event_attendees"."attendee_event" = ? LIMIT ?[0m  [["attendee_event", 1], ["LIMIT", 11]]
  [1m[36mEventAttendee Load (1.8ms)[0m  [1m[34mSELECT "event_attendees".* FROM "event_attendees" WHERE "event_attendees"."attendee_event" = ?[0m  [["attendee_event", 1]]
  [1m[36mEventAttendee Load (2.0ms)[0m  [1m[34mSELECT  "event_attendees".* FROM "event_attendees" WHERE "event_attendees"."attendee_event" = ? LIMIT ?[0m  [["attendee_event", 1], ["LIMIT", 11]]
  [1m[36mEventAttendee Load (2.3ms)[0m  [1m[34mSELECT "event_attendees".* FROM "event_attendees" WHERE "event_attendees"."attendee_event" = ?[0m  [["attendee_event", 1]]
  [1m[36mEventAttendee Load (3.8ms)[0m  [1m[34mSELECT  "event_attendees".* FROM "event_attendees" WHERE "event_attendees"."attendee_event" = ? LIMIT ?[0m  [["attendee_event", 1], ["LIMIT", 11]]
  [1m[36mUser Load (0.5ms)[0m  [1m[34mSELECT  "users".* FROM "users" WHERE "users"."id" = ? LIMIT ?[0m  [["id", 1], ["LIMIT", 1]]
  [1m[36mEventAttendee Load (0.2ms)[0m  [1m[34mSELECT "event_attendees".* FROM "event_attendees" WHERE "event_attendees"."attendee_id" = ?[0m  [["attendee_id", 1]]
  [1m[36mEvent Load (0.5ms)[0m  [1m[34mSELECT  "events".* FROM "events" WHERE "events"."id" = ? LIMIT ?[0m  [["id", 1], ["LIMIT", 1]]
  [1m[36mUser Load (0.4ms)[0m  [1m[34mSELECT "users".* FROM "users" INNER JOIN "event_attendees" ON "users"."id" = "event_attendees"."attendee_id" WHERE "event_attendees"."event_id" = ?[0m  [["event_id", 1]]
  [1m[36mEvent Load (0.6ms)[0m  [1m[34mSELECT "events".* FROM "events" INNER JOIN "event_attendees" ON "events"."id" = "event_attendees"."event_id" WHERE "event_attendees"."attendee_id" = ?[0m  [["attendee_id", 1]]
  [1m[36mUser Load (0.3ms)[0m  [1m[34mSELECT  "users".* FROM "users" WHERE "users"."id" = ? LIMIT ?[0m  [["id", 2], ["LIMIT", 1]]
  [1m[36mEventAttendee Load (0.3ms)[0m  [1m[34mSELECT "event_attendees".* FROM "event_attendees" WHERE "event_attendees"."attendee_id" = ?[0m  [["attendee_id", 2]]
  [1m[36mEvent Load (0.3ms)[0m  [1m[34mSELECT "events".* FROM "events" INNER JOIN "event_attendees" ON "events"."id" = "event_attendees"."event_id" WHERE "event_attendees"."attendee_id" = ?[0m  [["attendee_id", 2]]
  [1m[36mUser Load (0.2ms)[0m  [1m[34mSELECT  "users".* FROM "users" WHERE "users"."id" = ? LIMIT ?[0m  [["id", 1], ["LIMIT", 1]]
  [1m[36mEventAttendee Load (0.3ms)[0m  [1m[34mSELECT "event_attendees".* FROM "event_attendees" WHERE "event_attendees"."attendee_id" = ?[0m  [["attendee_id", 1]]
  [1m[36mUser Load (0.3ms)[0m  [1m[34mSELECT  "users".* FROM "users" WHERE "users"."id" = ? LIMIT ?[0m  [["id", 2], ["LIMIT", 1]]
  [1m[36mEvent Load (0.2ms)[0m  [1m[34mSELECT "events".* FROM "events" INNER JOIN "event_attendees" ON "events"."id" = "event_attendees"."event_id" WHERE "event_attendees"."attendee_id" = ?[0m  [["attendee_id", 2]]
  [1m[36mEventAttendee Load (0.3ms)[0m  [1m[34mSELECT "event_attendees".* FROM "event_attendees" WHERE "event_attendees"."attendee_id" = ?[0m  [["attendee_id", 2]]
  [1m[36mUser Load (0.2ms)[0m  [1m[34mSELECT  "users".* FROM "users" WHERE "users"."id" = ? LIMIT ?[0m  [["id", 2], ["LIMIT", 1]]
  [1m[36mUser Load (0.2ms)[0m  [1m[34mSELECT  "users".* FROM "users" WHERE "users"."id" = ? LIMIT ?[0m  [["id", 2], ["LIMIT", 1]]
  [1m[36mUser Load (0.5ms)[0m  [1m[34mSELECT  "users".* FROM "users" WHERE "users"."id" = ? LIMIT ?[0m  [["id", 2], ["LIMIT", 1]]
  [1m[36mEventAttendee Load (0.3ms)[0m  [1m[34mSELECT "event_attendees".* FROM "event_attendees" WHERE "event_attendees"."attendee_id" = ?[0m  [["attendee_id", 2]]
  [1m[36mUser Load (0.3ms)[0m  [1m[34mSELECT  "users".* FROM "users" WHERE "users"."id" = ? LIMIT ?[0m  [["id", 2], ["LIMIT", 1]]
  [1m[36mEventAttendee Load (0.2ms)[0m  [1m[34mSELECT "event_attendees".* FROM "event_attendees" WHERE "event_attendees"."attendee_id" = ?[0m  [["attendee_id", 2]]
  [1m[36mUser Load (0.3ms)[0m  [1m[34mSELECT  "users".* FROM "users" WHERE "users"."id" = ? LIMIT ?[0m  [["id", 2], ["LIMIT", 1]]
  [1m[36mEventAttendee Load (1.5ms)[0m  [1m[34mSELECT "event_attendees".* FROM "event_attendees" WHERE "event_attendees"."user_id" = ?[0m  [["user_id", 2]]
  [1m[36mEventAttendee Load (1.7ms)[0m  [1m[34mSELECT  "event_attendees".* FROM "event_attendees" WHERE "event_attendees"."user_id" = ? LIMIT ?[0m  [["user_id", 2], ["LIMIT", 11]]
  [1m[36mUser Load (0.3ms)[0m  [1m[34mSELECT  "users".* FROM "users" WHERE "users"."id" = ? LIMIT ?[0m  [["id", 2], ["LIMIT", 1]]
  [1m[36mEventAttendee Load (1.2ms)[0m  [1m[34mSELECT "event_attendees".* FROM "event_attendees" WHERE "event_attendees"."user_id" = ?[0m  [["user_id", 2]]
  [1m[36mEventAttendee Load (1.3ms)[0m  [1m[34mSELECT  "event_attendees".* FROM "event_attendees" WHERE "event_attendees"."user_id" = ? LIMIT ?[0m  [["user_id", 2], ["LIMIT", 11]]
  [1m[36mUser Load (0.2ms)[0m  [1m[34mSELECT  "users".* FROM "users" WHERE "users"."id" = ? LIMIT ?[0m  [["id", 2], ["LIMIT", 1]]
  [1m[36mEventAttendee Load (1.8ms)[0m  [1m[34mSELECT "event_attendees".* FROM "event_attendees" WHERE "event_attendees"."user_id" = ?[0m  [["user_id", 2]]
  [1m[36mEventAttendee Load (1.7ms)[0m  [1m[34mSELECT  "event_attendees".* FROM "event_attendees" WHERE "event_attendees"."user_id" = ? LIMIT ?[0m  [["user_id", 2], ["LIMIT", 11]]
Started GET "/" for 127.0.0.1 at 2018-05-07 10:29:15 +0200
  [1m[35m (0.1ms)[0m  [1m[34mSELECT "schema_migrations"."version" FROM "schema_migrations" ORDER BY "schema_migrations"."version" ASC[0m
  ↳ /home/malus/.rvm/gems/ruby-2.3.4/gems/activerecord-5.2.0/lib/active_record/log_subscriber.rb:98
Processing by Rails::WelcomeController#index as HTML
  Rendering /home/malus/.rvm/gems/ruby-2.3.4/gems/railties-5.2.0/lib/rails/templates/rails/welcome/index.html.erb
  Rendered /home/malus/.rvm/gems/ruby-2.3.4/gems/railties-5.2.0/lib/rails/templates/rails/welcome/index.html.erb (5.1ms)
Completed 200 OK in 19ms (Views: 9.3ms | ActiveRecord: 0.0ms)


Started GET "/" for 127.0.0.1 at 2018-05-07 10:31:01 +0200
  [1m[35m (0.1ms)[0m  [1m[34mSELECT "schema_migrations"."version" FROM "schema_migrations" ORDER BY "schema_migrations"."version" ASC[0m
  ↳ /home/malus/.rvm/gems/ruby-2.3.4/gems/activerecord-5.2.0/lib/active_record/log_subscriber.rb:98
Processing by StaticpagesController#home as HTML
  Rendering staticpages/home.html.erb within layouts/application
  Rendered staticpages/home.html.erb within layouts/application (0.6ms)
Completed 200 OK in 794ms (Views: 786.7ms | ActiveRecord: 0.0ms)


Started GET "/" for 127.0.0.1 at 2018-05-07 10:33:17 +0200
Processing by StaticpagesController#home as HTML
  Rendering staticpages/home.html.erb within layouts/application
  Rendered staticpages/home.html.erb within layouts/application (0.3ms)
  Rendered layouts/_header.html.erb (3.6ms)
Completed 200 OK in 23ms (Views: 22.1ms | ActiveRecord: 0.0ms)


Started GET "/" for 127.0.0.1 at 2018-05-07 10:33:49 +0200
Processing by StaticpagesController#home as HTML
  Rendering staticpages/home.html.erb within layouts/application
  Rendered staticpages/home.html.erb within layouts/application (0.3ms)
  Rendered layouts/_header.html.erb (1.3ms)
Completed 200 OK in 47ms (Views: 46.2ms | ActiveRecord: 0.0ms)


Started GET "/" for 127.0.0.1 at 2018-05-07 10:34:09 +0200
Processing by StaticpagesController#home as HTML
  Rendering staticpages/home.html.erb within layouts/application
  Rendered staticpages/home.html.erb within layouts/application (1.0ms)
  Rendered layouts/_header.html.erb (1.0ms)
Completed 200 OK in 26ms (Views: 24.6ms | ActiveRecord: 0.0ms)


Started GET "/" for 127.0.0.1 at 2018-05-07 10:35:01 +0200
Processing by StaticpagesController#home as HTML
  Rendering staticpages/home.html.erb within layouts/application
  Rendered staticpages/home.html.erb within layouts/application (0.4ms)
  Rendered layouts/_header.html.erb (3.5ms)
Completed 200 OK in 34ms (Views: 32.8ms | ActiveRecord: 0.0ms)


Started GET "/users/sign_up" for 127.0.0.1 at 2018-05-07 10:35:18 +0200
Processing by Devise::RegistrationsController#new as HTML
  Rendering devise/registrations/new.html.erb within layouts/application
  Rendered devise/shared/_links.html.erb (1.8ms)
  Rendered devise/registrations/new.html.erb within layouts/application (35.5ms)
  Rendered layouts/_header.html.erb (1.0ms)
Completed 200 OK in 99ms (Views: 71.1ms | ActiveRecord: 1.2ms)


Started GET "/users/sign_in" for 127.0.0.1 at 2018-05-07 10:35:20 +0200
Processing by Devise::SessionsController#new as HTML
  Rendering devise/sessions/new.html.erb within layouts/application
  Rendered devise/shared/_links.html.erb (2.8ms)
  Rendered devise/sessions/new.html.erb within layouts/application (32.3ms)
  Rendered layouts/_header.html.erb (1.1ms)
Completed 200 OK in 95ms (Views: 74.8ms | ActiveRecord: 0.0ms)


Started GET "/" for 127.0.0.1 at 2018-05-07 10:35:21 +0200
Processing by StaticpagesController#home as HTML
  Rendering staticpages/home.html.erb within layouts/application
  Rendered staticpages/home.html.erb within layouts/application (0.5ms)
  Rendered layouts/_header.html.erb (1.5ms)
Completed 200 OK in 26ms (Views: 25.2ms | ActiveRecord: 0.0ms)


Started GET "/users/sign_up" for 127.0.0.1 at 2018-05-07 10:35:22 +0200
Processing by Devise::RegistrationsController#new as HTML
  Rendering devise/registrations/new.html.erb within layouts/application
  Rendered devise/shared/_links.html.erb (0.7ms)
  Rendered devise/registrations/new.html.erb within layouts/application (2.9ms)
  Rendered layouts/_header.html.erb (1.0ms)
Completed 200 OK in 26ms (Views: 25.2ms | ActiveRecord: 0.0ms)


Started GET "/users/sign_in" for 127.0.0.1 at 2018-05-07 10:35:23 +0200
Processing by Devise::SessionsController#new as HTML
  Rendering devise/sessions/new.html.erb within layouts/application
  Rendered devise/shared/_links.html.erb (0.9ms)
  Rendered devise/sessions/new.html.erb within layouts/application (3.5ms)
  Rendered layouts/_header.html.erb (0.8ms)
Completed 200 OK in 26ms (Views: 24.3ms | ActiveRecord: 0.0ms)


Started GET "/users/sign_up" for 127.0.0.1 at 2018-05-07 10:35:23 +0200
Processing by Devise::RegistrationsController#new as HTML
  Rendering devise/registrations/new.html.erb within layouts/application
  Rendered devise/shared/_links.html.erb (0.9ms)
  Rendered devise/registrations/new.html.erb within layouts/application (3.6ms)
  Rendered layouts/_header.html.erb (0.9ms)
Completed 200 OK in 26ms (Views: 24.8ms | ActiveRecord: 0.0ms)


Started GET "/users/sign_in" for 127.0.0.1 at 2018-05-07 10:35:24 +0200
Processing by Devise::SessionsController#new as HTML
  Rendering devise/sessions/new.html.erb within layouts/application
  Rendered devise/shared/_links.html.erb (1.3ms)
  Rendered devise/sessions/new.html.erb within layouts/application (5.4ms)
  Rendered layouts/_header.html.erb (2.2ms)
Completed 200 OK in 33ms (Views: 31.6ms | ActiveRecord: 0.0ms)


Started GET "/users/sign_up" for 127.0.0.1 at 2018-05-07 10:35:24 +0200
Processing by Devise::RegistrationsController#new as HTML
  Rendering devise/registrations/new.html.erb within layouts/application
  Rendered devise/shared/_links.html.erb (1.3ms)
  Rendered devise/registrations/new.html.erb within layouts/application (6.0ms)
  Rendered layouts/_header.html.erb (1.1ms)
Completed 200 OK in 36ms (Views: 35.1ms | ActiveRecord: 0.0ms)


Started GET "/" for 127.0.0.1 at 2018-05-07 10:35:26 +0200
Processing by StaticpagesController#home as HTML
  Rendering staticpages/home.html.erb within layouts/application
  Rendered staticpages/home.html.erb within layouts/application (0.4ms)
  Rendered layouts/_header.html.erb (1.3ms)
Completed 200 OK in 31ms (Views: 29.4ms | ActiveRecord: 0.0ms)


Started GET "/" for 127.0.0.1 at 2018-05-07 10:36:44 +0200
Processing by StaticpagesController#home as HTML
  Rendering staticpages/home.html.erb within layouts/application
  Rendered staticpages/home.html.erb within layouts/application (0.2ms)
  Rendered layouts/_header.html.erb (0.8ms)
Completed 200 OK in 19ms (Views: 17.9ms | ActiveRecord: 0.0ms)


Started GET "/" for 127.0.0.1 at 2018-05-07 10:37:15 +0200
Processing by StaticpagesController#home as HTML
  Rendering staticpages/home.html.erb within layouts/application
  Rendered staticpages/home.html.erb within layouts/application (0.3ms)
  Rendered layouts/_header.html.erb (1.0ms)
Completed 200 OK in 22ms (Views: 21.1ms | ActiveRecord: 0.0ms)


Started GET "/" for 127.0.0.1 at 2018-05-07 10:39:56 +0200
Processing by StaticpagesController#home as HTML
  Rendering staticpages/home.html.erb within layouts/application
  Rendered staticpages/home.html.erb within layouts/application (0.6ms)
  Rendered layouts/_header.html.erb (0.8ms)
Completed 200 OK in 19ms (Views: 17.9ms | ActiveRecord: 0.0ms)


Started GET "/" for 127.0.0.1 at 2018-05-07 10:41:56 +0200
Processing by StaticpagesController#home as HTML
  Rendering staticpages/home.html.erb within layouts/application
  Rendered staticpages/home.html.erb within layouts/application (0.6ms)
  Rendered layouts/_header.html.erb (0.8ms)
  Rendered layouts/_footer.html.erb (0.4ms)
Completed 200 OK in 20ms (Views: 18.9ms | ActiveRecord: 0.0ms)


Started GET "/users/sign_up" for 127.0.0.1 at 2018-05-07 10:42:50 +0200
Processing by Devise::RegistrationsController#new as HTML
  Rendering devise/registrations/new.html.erb within layouts/application
  Rendered devise/shared/_links.html.erb (0.7ms)
  Rendered devise/registrations/new.html.erb within layouts/application (3.1ms)
  Rendered layouts/_header.html.erb (1.2ms)
  Rendered layouts/_footer.html.erb (0.4ms)
Completed 200 OK in 26ms (Views: 25.2ms | ActiveRecord: 0.0ms)


Started GET "/users/sign_in" for 127.0.0.1 at 2018-05-07 10:42:51 +0200
Processing by Devise::SessionsController#new as HTML
  Rendering devise/sessions/new.html.erb within layouts/application
  Rendered devise/shared/_links.html.erb (1.2ms)
  Rendered devise/sessions/new.html.erb within layouts/application (4.1ms)
  Rendered layouts/_header.html.erb (1.0ms)
  Rendered layouts/_footer.html.erb (0.4ms)
Completed 200 OK in 29ms (Views: 27.7ms | ActiveRecord: 0.0ms)


Started GET "/users/sign_up" for 127.0.0.1 at 2018-05-07 10:42:52 +0200
Processing by Devise::RegistrationsController#new as HTML
  Rendering devise/registrations/new.html.erb within layouts/application
  Rendered devise/shared/_links.html.erb (0.8ms)
  Rendered devise/registrations/new.html.erb within layouts/application (3.9ms)
  Rendered layouts/_header.html.erb (1.2ms)
  Rendered layouts/_footer.html.erb (0.6ms)
Completed 200 OK in 31ms (Views: 29.8ms | ActiveRecord: 0.0ms)


Started GET "/users/sign_up" for 127.0.0.1 at 2018-05-07 10:42:53 +0200
Processing by Devise::RegistrationsController#new as HTML
  Rendering devise/registrations/new.html.erb within layouts/application
  Rendered devise/shared/_links.html.erb (1.1ms)
  Rendered devise/registrations/new.html.erb within layouts/application (4.6ms)
  Rendered layouts/_header.html.erb (1.5ms)
  Rendered layouts/_footer.html.erb (0.8ms)
Completed 200 OK in 41ms (Views: 39.7ms | ActiveRecord: 0.0ms)


Started GET "/users/sign_in" for 127.0.0.1 at 2018-05-07 10:42:53 +0200
Processing by Devise::SessionsController#new as HTML
  Rendering devise/sessions/new.html.erb within layouts/application
  Rendered devise/shared/_links.html.erb (0.8ms)
  Rendered devise/sessions/new.html.erb within layouts/application (3.1ms)
  Rendered layouts/_header.html.erb (0.8ms)
  Rendered layouts/_footer.html.erb (0.3ms)
Completed 200 OK in 28ms (Views: 27.3ms | ActiveRecord: 0.0ms)


Started GET "/users/sign_up" for 127.0.0.1 at 2018-05-07 10:42:54 +0200
Processing by Devise::RegistrationsController#new as HTML
  Rendering devise/registrations/new.html.erb within layouts/application
  Rendered devise/shared/_links.html.erb (1.3ms)
  Rendered devise/registrations/new.html.erb within layouts/application (6.3ms)
  Rendered layouts/_header.html.erb (1.0ms)
  Rendered layouts/_footer.html.erb (0.6ms)
Completed 200 OK in 42ms (Views: 40.3ms | ActiveRecord: 0.0ms)


Started GET "/users/sign_up" for 127.0.0.1 at 2018-05-07 10:45:17 +0200
Processing by Devise::RegistrationsController#new as HTML
  Rendering devise/registrations/new.html.erb within layouts/application
  Rendered devise/registrations/new.html.erb within layouts/application (20.6ms)
Completed 500 Internal Server Error in 23ms (ActiveRecord: 0.0ms)



NoMethodError - undefined method `name' for #<User:0x007f0a20832738>:
  app/views/devise/registrations/new.html.erb:10:in `block in _app_views_devise_registrations_new_html_erb__4259920432400864326_69840735928880'
  app/views/devise/registrations/new.html.erb:6:in `_app_views_devise_registrations_new_html_erb__4259920432400864326_69840735928880'

Started POST "/__better_errors/f513053779514c91/variables" for 127.0.0.1 at 2018-05-07 10:45:17 +0200
Started GET "/users/sign_up" for 127.0.0.1 at 2018-05-07 10:45:41 +0200
Processing by Devise::RegistrationsController#new as HTML
  Rendering devise/registrations/new.html.erb within layouts/application
  Rendered devise/shared/_links.html.erb (1.1ms)
  Rendered devise/registrations/new.html.erb within layouts/application (3.6ms)
  Rendered layouts/_header.html.erb (0.8ms)
  Rendered layouts/_footer.html.erb (0.3ms)
Completed 200 OK in 24ms (Views: 23.3ms | ActiveRecord: 0.0ms)


Started GET "/users/sign_in" for 127.0.0.1 at 2018-05-07 10:45:44 +0200
Processing by Devise::SessionsController#new as HTML
  Rendering devise/sessions/new.html.erb within layouts/application
  Rendered devise/shared/_links.html.erb (1.7ms)
  Rendered devise/sessions/new.html.erb within layouts/application (3.9ms)
  Rendered layouts/_header.html.erb (1.3ms)
  Rendered layouts/_footer.html.erb (1.5ms)
Completed 200 OK in 43ms (Views: 42.3ms | ActiveRecord: 0.0ms)


Started GET "/users/sign_up" for 127.0.0.1 at 2018-05-07 10:45:45 +0200
Processing by Devise::RegistrationsController#new as HTML
  Rendering devise/registrations/new.html.erb within layouts/application
  Rendered devise/shared/_links.html.erb (2.2ms)
  Rendered devise/registrations/new.html.erb within layouts/application (6.6ms)
  Rendered layouts/_header.html.erb (0.8ms)
  Rendered layouts/_footer.html.erb (0.4ms)
Completed 200 OK in 44ms (Views: 42.6ms | ActiveRecord: 0.0ms)


Started GET "/users/sign_in" for 127.0.0.1 at 2018-05-07 10:45:45 +0200
Processing by Devise::SessionsController#new as HTML
  Rendering devise/sessions/new.html.erb within layouts/application
  Rendered devise/shared/_links.html.erb (1.1ms)
  Rendered devise/sessions/new.html.erb within layouts/application (3.8ms)
  Rendered layouts/_header.html.erb (1.7ms)
  Rendered layouts/_footer.html.erb (0.4ms)
Completed 200 OK in 42ms (Views: 40.6ms | ActiveRecord: 0.0ms)


Started GET "/users/sign_up" for 127.0.0.1 at 2018-05-07 10:45:47 +0200
Processing by Devise::RegistrationsController#new as HTML
  Rendering devise/registrations/new.html.erb within layouts/application
  Rendered devise/shared/_links.html.erb (1.1ms)
  Rendered devise/registrations/new.html.erb within layouts/application (4.2ms)
  Rendered layouts/_header.html.erb (1.9ms)
  Rendered layouts/_footer.html.erb (0.7ms)
Completed 200 OK in 42ms (Views: 40.4ms | ActiveRecord: 0.0ms)


Started GET "/users/sign_in" for 127.0.0.1 at 2018-05-07 10:45:48 +0200
Processing by Devise::SessionsController#new as HTML
  Rendering devise/sessions/new.html.erb within layouts/application
  Rendered devise/shared/_links.html.erb (1.1ms)
  Rendered devise/sessions/new.html.erb within layouts/application (4.5ms)
  Rendered layouts/_header.html.erb (1.0ms)
  Rendered layouts/_footer.html.erb (0.3ms)
Completed 200 OK in 81ms (Views: 79.4ms | ActiveRecord: 0.0ms)


Started GET "/users/sign_up" for 127.0.0.1 at 2018-05-07 10:45:48 +0200
Processing by Devise::RegistrationsController#new as HTML
  Rendering devise/registrations/new.html.erb within layouts/application
  Rendered devise/shared/_links.html.erb (2.1ms)
  Rendered devise/registrations/new.html.erb within layouts/application (4.5ms)
  Rendered layouts/_header.html.erb (1.9ms)
  Rendered layouts/_footer.html.erb (0.6ms)
Completed 200 OK in 31ms (Views: 30.5ms | ActiveRecord: 0.0ms)


Started GET "/users/sign_in" for 127.0.0.1 at 2018-05-07 10:45:49 +0200
Processing by Devise::SessionsController#new as HTML
  Rendering devise/sessions/new.html.erb within layouts/application
  Rendered devise/shared/_links.html.erb (1.2ms)
  Rendered devise/sessions/new.html.erb within layouts/application (3.6ms)
  Rendered layouts/_header.html.erb (1.2ms)
  Rendered layouts/_footer.html.erb (0.3ms)
Completed 200 OK in 27ms (Views: 26.1ms | ActiveRecord: 0.0ms)


Started GET "/users/sign_up" for 127.0.0.1 at 2018-05-07 10:45:50 +0200
Processing by Devise::RegistrationsController#new as HTML
  Rendering devise/registrations/new.html.erb within layouts/application
  Rendered devise/shared/_links.html.erb (1.0ms)
  Rendered devise/registrations/new.html.erb within layouts/application (3.4ms)
  Rendered layouts/_header.html.erb (2.4ms)
  Rendered layouts/_footer.html.erb (0.4ms)
Completed 200 OK in 36ms (Views: 35.3ms | ActiveRecord: 0.0ms)


Started GET "/users/sign_in" for 127.0.0.1 at 2018-05-07 10:45:52 +0200
Processing by Devise::SessionsController#new as HTML
  Rendering devise/sessions/new.html.erb within layouts/application
  Rendered devise/shared/_links.html.erb (0.9ms)
  Rendered devise/sessions/new.html.erb within layouts/application (2.9ms)
  Rendered layouts/_header.html.erb (1.0ms)
  Rendered layouts/_footer.html.erb (0.4ms)
Completed 200 OK in 27ms (Views: 25.7ms | ActiveRecord: 0.0ms)


Started GET "/users/password/new" for 127.0.0.1 at 2018-05-07 10:45:53 +0200
Processing by Devise::PasswordsController#new as HTML
  Rendering devise/passwords/new.html.erb within layouts/application
  Rendered devise/shared/_links.html.erb (1.4ms)
  Rendered devise/passwords/new.html.erb within layouts/application (3.4ms)
  Rendered layouts/_header.html.erb (0.9ms)
  Rendered layouts/_footer.html.erb (0.3ms)
Completed 200 OK in 37ms (Views: 35.9ms | ActiveRecord: 0.0ms)


Started GET "/users/sign_in" for 127.0.0.1 at 2018-05-07 10:45:55 +0200
Processing by Devise::SessionsController#new as HTML
  Rendering devise/sessions/new.html.erb within layouts/application
  Rendered devise/shared/_links.html.erb (0.8ms)
  Rendered devise/sessions/new.html.erb within layouts/application (3.0ms)
  Rendered layouts/_header.html.erb (2.9ms)
  Rendered layouts/_footer.html.erb (0.5ms)
Completed 200 OK in 34ms (Views: 32.4ms | ActiveRecord: 0.0ms)


Started GET "/users/password/new" for 127.0.0.1 at 2018-05-07 10:45:56 +0200
Processing by Devise::PasswordsController#new as HTML
  Rendering devise/passwords/new.html.erb within layouts/application
  Rendered devise/shared/_links.html.erb (1.1ms)
  Rendered devise/passwords/new.html.erb within layouts/application (3.2ms)
  Rendered layouts/_header.html.erb (1.2ms)
  Rendered layouts/_footer.html.erb (0.8ms)
Completed 200 OK in 40ms (Views: 38.5ms | ActiveRecord: 0.0ms)


Started GET "/users/sign_in" for 127.0.0.1 at 2018-05-07 10:45:57 +0200
Processing by Devise::SessionsController#new as HTML
  Rendering devise/sessions/new.html.erb within layouts/application
  Rendered devise/shared/_links.html.erb (1.3ms)
  Rendered devise/sessions/new.html.erb within layouts/application (3.9ms)
  Rendered layouts/_header.html.erb (1.5ms)
  Rendered layouts/_footer.html.erb (0.4ms)
Completed 200 OK in 41ms (Views: 39.7ms | ActiveRecord: 0.0ms)


Started GET "/users/sign_up" for 127.0.0.1 at 2018-05-07 10:45:58 +0200
Processing by Devise::RegistrationsController#new as HTML
  Rendering devise/registrations/new.html.erb within layouts/application
  Rendered devise/shared/_links.html.erb (1.7ms)
  Rendered devise/registrations/new.html.erb within layouts/application (5.6ms)
  Rendered layouts/_header.html.erb (1.0ms)
  Rendered layouts/_footer.html.erb (0.3ms)
Completed 200 OK in 44ms (Views: 43.4ms | ActiveRecord: 0.0ms)


Started GET "/users/sign_in" for 127.0.0.1 at 2018-05-07 10:45:59 +0200
Processing by Devise::SessionsController#new as HTML
  Rendering devise/sessions/new.html.erb within layouts/application
  Rendered devise/shared/_links.html.erb (1.4ms)
  Rendered devise/sessions/new.html.erb within layouts/application (3.7ms)
  Rendered layouts/_header.html.erb (1.0ms)
  Rendered layouts/_footer.html.erb (0.3ms)
Completed 200 OK in 36ms (Views: 34.9ms | ActiveRecord: 0.0ms)


Started GET "/users/password/new" for 127.0.0.1 at 2018-05-07 10:46:00 +0200
Processing by Devise::PasswordsController#new as HTML
  Rendering devise/passwords/new.html.erb within layouts/application
  Rendered devise/shared/_links.html.erb (0.9ms)
  Rendered devise/passwords/new.html.erb within layouts/application (2.5ms)
  Rendered layouts/_header.html.erb (2.0ms)
  Rendered layouts/_footer.html.erb (0.4ms)
Completed 200 OK in 35ms (Views: 33.8ms | ActiveRecord: 0.0ms)


Started GET "/users/sign_up" for 127.0.0.1 at 2018-05-07 10:46:00 +0200
Processing by Devise::RegistrationsController#new as HTML
  Rendering devise/registrations/new.html.erb within layouts/application
  Rendered devise/shared/_links.html.erb (1.1ms)
  Rendered devise/registrations/new.html.erb within layouts/application (4.0ms)
  Rendered layouts/_header.html.erb (2.2ms)
  Rendered layouts/_footer.html.erb (0.5ms)
Completed 200 OK in 34ms (Views: 33.2ms | ActiveRecord: 0.0ms)


Started GET "/users/sign_in" for 127.0.0.1 at 2018-05-07 10:46:02 +0200
Processing by Devise::SessionsController#new as HTML
  Rendering devise/sessions/new.html.erb within layouts/application
  Rendered devise/shared/_links.html.erb (0.8ms)
  Rendered devise/sessions/new.html.erb within layouts/application (2.9ms)
  Rendered layouts/_header.html.erb (0.9ms)
  Rendered layouts/_footer.html.erb (0.5ms)
Completed 200 OK in 24ms (Views: 23.0ms | ActiveRecord: 0.0ms)


Started GET "/users/password/new" for 127.0.0.1 at 2018-05-07 10:46:03 +0200
Processing by Devise::PasswordsController#new as HTML
  Rendering devise/passwords/new.html.erb within layouts/application
  Rendered devise/shared/_links.html.erb (1.2ms)
  Rendered devise/passwords/new.html.erb within layouts/application (3.3ms)
  Rendered layouts/_header.html.erb (1.3ms)
  Rendered layouts/_footer.html.erb (1.2ms)
Completed 200 OK in 34ms (Views: 32.8ms | ActiveRecord: 0.0ms)


Started GET "/users/sign_in" for 127.0.0.1 at 2018-05-07 10:46:05 +0200
Processing by Devise::SessionsController#new as HTML
  Rendering devise/sessions/new.html.erb within layouts/application
  Rendered devise/shared/_links.html.erb (0.8ms)
  Rendered devise/sessions/new.html.erb within layouts/application (3.4ms)
  Rendered layouts/_header.html.erb (0.8ms)
  Rendered layouts/_footer.html.erb (0.3ms)
Completed 200 OK in 23ms (Views: 22.5ms | ActiveRecord: 0.0ms)


Started GET "/" for 127.0.0.1 at 2018-05-07 10:46:06 +0200
Processing by StaticpagesController#home as HTML
  Rendering staticpages/home.html.erb within layouts/application
  Rendered staticpages/home.html.erb within layouts/application (1.1ms)
  Rendered layouts/_header.html.erb (1.1ms)
  Rendered layouts/_footer.html.erb (0.3ms)
Completed 200 OK in 24ms (Views: 23.1ms | ActiveRecord: 0.0ms)


Started GET "/" for 127.0.0.1 at 2018-05-07 10:46:08 +0200
Processing by StaticpagesController#home as HTML
  Rendering staticpages/home.html.erb within layouts/application
  Rendered staticpages/home.html.erb within layouts/application (0.5ms)
  Rendered layouts/_header.html.erb (0.7ms)
  Rendered layouts/_footer.html.erb (0.3ms)
Completed 200 OK in 21ms (Views: 20.1ms | ActiveRecord: 0.0ms)


Started GET "/" for 127.0.0.1 at 2018-05-07 10:46:09 +0200
Processing by StaticpagesController#home as HTML
  Rendering staticpages/home.html.erb within layouts/application
  Rendered staticpages/home.html.erb within layouts/application (0.8ms)
  Rendered layouts/_header.html.erb (0.8ms)
  Rendered layouts/_footer.html.erb (0.3ms)
Completed 200 OK in 23ms (Views: 22.0ms | ActiveRecord: 0.0ms)


Started GET "/" for 127.0.0.1 at 2018-05-07 10:46:10 +0200
Processing by StaticpagesController#home as HTML
  Rendering staticpages/home.html.erb within layouts/application
  Rendered staticpages/home.html.erb within layouts/application (0.6ms)
  Rendered layouts/_header.html.erb (0.9ms)
  Rendered layouts/_footer.html.erb (0.4ms)
Completed 200 OK in 20ms (Views: 18.3ms | ActiveRecord: 0.0ms)


Started GET "/" for 127.0.0.1 at 2018-05-07 10:46:10 +0200
Processing by StaticpagesController#home as HTML
  Rendering staticpages/home.html.erb within layouts/application
  Rendered staticpages/home.html.erb within layouts/application (0.6ms)
  Rendered layouts/_header.html.erb (0.7ms)
  Rendered layouts/_footer.html.erb (0.3ms)
Completed 200 OK in 23ms (Views: 21.6ms | ActiveRecord: 0.0ms)


Started GET "/users/sign_up" for 127.0.0.1 at 2018-05-07 10:46:12 +0200
Processing by Devise::RegistrationsController#new as HTML
  Rendering devise/registrations/new.html.erb within layouts/application
  Rendered devise/shared/_links.html.erb (1.5ms)
  Rendered devise/registrations/new.html.erb within layouts/application (3.4ms)
  Rendered layouts/_header.html.erb (1.1ms)
  Rendered layouts/_footer.html.erb (0.4ms)
Completed 200 OK in 26ms (Views: 25.0ms | ActiveRecord: 0.0ms)


Started GET "/users/sign_in" for 127.0.0.1 at 2018-05-07 10:46:13 +0200
Processing by Devise::SessionsController#new as HTML
  Rendering devise/sessions/new.html.erb within layouts/application
  Rendered devise/shared/_links.html.erb (0.8ms)
  Rendered devise/sessions/new.html.erb within layouts/application (2.7ms)
  Rendered layouts/_header.html.erb (1.1ms)
  Rendered layouts/_footer.html.erb (0.3ms)
Completed 200 OK in 23ms (Views: 21.6ms | ActiveRecord: 0.0ms)


